<?xml version="1.0" encoding="UTF-8"?>
<!-- Generated by org.testng.reporters.JUnitReportReporter -->
<testsuite skipped="0" hostname="apples-MacBook-Pro.local" name="com.automation.selenium.allExamples.ColorValidation" tests="1" failures="0" timestamp="2021-02-24T07:20:27 IST" time="3.281" errors="0">
  <testcase name="verifyColourOfTheObject" time="3.281" classname="com.automation.selenium.allExamples.ColorValidation"/>
</testsuite> <!-- com.automation.selenium.allExamples.ColorValidation -->
