<?xml version="1.0" encoding="UTF-8"?>
<!-- Generated by org.testng.reporters.JUnitReportReporter -->
<testsuite skipped="0" hostname="apples-MacBook-Pro.local" name="com.automation.PracticeSeleniumFramework.JavaPractice.JavaPractice" tests="1" failures="0" timestamp="2021-01-30T06:00:35 IST" time="0.011" errors="0">
  <testcase name="sum" time="0.011" classname="com.automation.PracticeSeleniumFramework.JavaPractice.JavaPractice"/>
</testsuite> <!-- com.automation.PracticeSeleniumFramework.JavaPractice.JavaPractice -->
