<?xml version="1.0" encoding="UTF-8"?>
<!-- Generated by org.testng.reporters.JUnitReportReporter -->
<testsuite skipped="0" hostname="apples-MacBook-Pro.local" name="com.automation.PracticeSeleniumFramework.JavaPractice.LoopsAndConditions" tests="2" failures="0" timestamp="2021-02-02T07:21:10 IST" time="0.012" errors="0">
  <testcase name="doWhileLoop" time="0.011" classname="com.automation.PracticeSeleniumFramework.JavaPractice.LoopsAndConditions"/>
  <testcase name="whileLoop" time="0.001" classname="com.automation.PracticeSeleniumFramework.JavaPractice.LoopsAndConditions"/>
</testsuite> <!-- com.automation.PracticeSeleniumFramework.JavaPractice.LoopsAndConditions -->
