<?xml version="1.0" encoding="UTF-8"?>
<!-- Generated by org.testng.reporters.JUnitReportReporter -->
<testsuite skipped="0" hostname="apples-MacBook-Pro.local" name="com.automation.PracticeSeleniumFramework.VerifyTitle" tests="1" failures="0" timestamp="2021-01-28T06:10:40 IST" time="0.063" errors="0">
  <testcase name="verifyTitle" time="0.063" classname="com.automation.PracticeSeleniumFramework.VerifyTitle"/>
</testsuite> <!-- com.automation.PracticeSeleniumFramework.VerifyTitle -->
