<?xml version="1.0" encoding="UTF-8"?>
<!-- Generated by org.testng.reporters.JUnitReportReporter -->
<testsuite skipped="0" hostname="apples-MacBook-Pro.local" name="com.automation.javaExamples.InterfaceWebDriver" tests="1" failures="0" timestamp="2021-02-24T06:45:44 IST" time="7.745" errors="0">
  <testcase name="test" time="7.745" classname="com.automation.javaExamples.InterfaceWebDriver"/>
</testsuite> <!-- com.automation.javaExamples.InterfaceWebDriver -->
