<?xml version="1.0" encoding="UTF-8"?>
<!-- Generated by org.testng.reporters.JUnitReportReporter -->
<testsuite skipped="0" hostname="apples-MacBook-Pro.local" name="com.automation.PracticeSeleniumFramework.JavaPractice.RunTimeException" tests="1" failures="0" timestamp="2021-01-31T06:41:35 IST" time="0.037" errors="0">
  <testcase name="testException" time="0.037" classname="com.automation.PracticeSeleniumFramework.JavaPractice.RunTimeException"/>
</testsuite> <!-- com.automation.PracticeSeleniumFramework.JavaPractice.RunTimeException -->
